<?xml version="1.0" encoding="UTF-8" ?>
<testsuite name="pack.ATestSuite" tests="2" failures="0" errors="0" time="0.0">
  <properties>
    <property name="java.runtime.name" value="Java(TM) 2 Runtime Environment, Standard Edition"></property>
    <property name="sun.boot.library.path" value="C:\java\jdk1.4.2_14\jre\bin"></property>
    <property name="java.vm.version" value="1.4.2_14-b03"></property>
    <property name="ant.library.dir" value="C:\e\w\development\org.apache.ant\lib"></property>
    <property name="ant.version" value="Apache Ant version 1.6.5 compiled on June 2 2005"></property>
    <property name="ant.java.version" value="1.4"></property>
    <property name="java.vm.vendor" value="Sun Microsystems Inc."></property>
    <property name="java.vendor.url" value="http://java.sun.com/"></property>
    <property name="path.separator" value=";"></property>
    <property name="java.vm.name" value="Java HotSpot(TM) Client VM"></property>
    <property name="file.encoding.pkg" value="sun.io"></property>
    <property name="user.country" value="US"></property>
    <property name="sun.os.patch.level" value="Service Pack 2"></property>
    <property name="java.vm.specification.name" value="Java Virtual Machine Specification"></property>
    <property name="user.dir" value="C:\e\w\development\org.eclipse.jdt.ui.tests\testresources\JUnitWorkspace\JUnitTests\ant"></property>
    <property name="java.runtime.version" value="1.4.2_14-b03"></property>
    <property name="java.awt.graphicsenv" value="sun.awt.Win32GraphicsEnvironment"></property>
    <property name="eclipse.pdebuild.scripts" value="/C:/e/w/development/org.eclipse.pde.build/scripts/"></property>
    <property name="basedir" value="C:\e\w\development\org.eclipse.jdt.ui.tests\testresources\JUnitWorkspace\JUnitTests\ant"></property>
    <property name="java.endorsed.dirs" value="C:\java\jdk1.4.2_14\jre\lib\endorsed"></property>
    <property name="os.arch" value="x86"></property>
    <property name="java.io.tmpdir" value="C:\DOCUME~1\mkl\LOCALS~1\Temp\"></property>
    <property name="line.separator" value="
"></property>
    <property name="java.vm.specification.vendor" value="Sun Microsystems Inc."></property>
    <property name="user.variant" value=""></property>
    <property name="os.name" value="Windows XP"></property>
    <property name="ant.home" value="C:\e\w\development\org.apache.ant"></property>
    <property name="eclipse.pdebuild.templates" value="/C:/e/w/development/org.eclipse.pde.build/templates/"></property>
    <property name="sun.java2d.fontpath" value=""></property>
    <property name="ant.project.name" value="run AllTests"></property>
    <property name="result" value="result"></property>
    <property name="java.library.path" value="C:\java\j9-5.0-20070201\jre\bin;.;C:\java\jdk1.5.0_11\bin;C:\Program Files\ThinkPad\Utilities;C:\WINDOWS\system32;C:\WINDOWS;C:\WINDOWS\System32\Wbem;C:\Program Files\IBM\Infoprint Select;C:\Notes;C:\Program Files\XLView;C:\lotus\compnent;C:\Utilities;C:\Program Files\IBM\Personal Communications\;C:\Program Files\IBM\Trace Facility\;C:\Program Files\Intel\Wireless\Bin\;C:\Program Files\ThinkPad\ConnectUtilities;C:\WINDOWS\Downloaded Program Files;C:\cygwin\bin\;C:\Program Files\YourKit Java Profiler 5.5.4\bin\win32;C:\Program Files\IBM\CHKPII;C:\Program Files\jEdit 4.1;C:\apps\jadnt158;C:\apps;C:\Program Files\ATI Technologies\ATI.ACE\;C:\java\apache-ant-1.7.0\bin;C:\Program Files\QuickTime\QTSystem\;C:\e\w\development\org.eclipse.swt.win32.win32.x86"></property>
    <property name="eclipse.pdebuild.home" value="/C:/e/w/development/org.eclipse.pde.build/./"></property>
    <property name="java.specification.name" value="Java Platform API Specification"></property>
    <property name="java.class.version" value="48.0"></property>
    <property name="java.util.prefs.PreferencesFactory" value="java.util.prefs.WindowsPreferencesFactory"></property>
    <property name="os.version" value="5.1"></property>
    <property name="ant.file" value="C:\e\w\development\org.eclipse.jdt.ui.tests\testresources\JUnitWorkspace\JUnitTests\ant\runAllTests.xml"></property>
    <property name="user.home" value="C:\Documents and Settings\mkl"></property>
    <property name="user.timezone" value=""></property>
    <property name="java.awt.printerjob" value="sun.awt.windows.WPrinterJob"></property>
    <property name="file.encoding" value="Cp1252"></property>
    <property name="java.specification.version" value="1.4"></property>
    <property name="java.class.path" value="C:\e\w\development\org.apache.ant\lib\ant.jar;C:\e\w\development\org.apache.ant\lib\ant-antlr.jar;C:\e\w\development\org.apache.ant\lib\ant-apache-bcel.jar;C:\e\w\development\org.apache.ant\lib\ant-apache-bsf.jar;C:\e\w\development\org.apache.ant\lib\ant-apache-log4j.jar;C:\e\w\development\org.apache.ant\lib\ant-apache-oro.jar;C:\e\w\development\org.apache.ant\lib\ant-apache-regexp.jar;C:\e\w\development\org.apache.ant\lib\ant-apache-resolver.jar;C:\e\w\development\org.apache.ant\lib\ant-commons-logging.jar;C:\e\w\development\org.apache.ant\lib\ant-commons-net.jar;C:\e\w\development\org.apache.ant\lib\ant-icontract.jar;C:\e\w\development\org.apache.ant\lib\ant-jai.jar;C:\e\w\development\org.apache.ant\lib\ant-javamail.jar;C:\e\w\development\org.apache.ant\lib\ant-jdepend.jar;C:\e\w\development\org.apache.ant\lib\ant-jmf.jar;C:\e\w\development\org.apache.ant\lib\ant-jsch.jar;C:\e\w\development\org.apache.ant\lib\ant-junit.jar;C:\e\w\development\org.apache.ant\lib\ant-launcher.jar;C:\e\w\development\org.apache.ant\lib\ant-netrexx.jar;C:\e\w\development\org.apache.ant\lib\ant-nodeps.jar;C:\e\w\development\org.apache.ant\lib\ant-starteam.jar;C:\e\w\development\org.apache.ant\lib\ant-stylebook.jar;C:\e\w\development\org.apache.ant\lib\ant-swing.jar;C:\e\w\development\org.apache.ant\lib\ant-trax.jar;C:\e\w\development\org.apache.ant\lib\ant-vaj.jar;C:\e\w\development\org.apache.ant\lib\ant-weblogic.jar;C:\e\w\development\org.apache.ant\lib\ant-xalan1.jar;C:\e\w\development\org.apache.ant\lib\ant-xslp.jar;C:\e\w\development\.metadata\.plugins\org.eclipse.pde.core\JUnitWorkspace\org.eclipse.osgi\bundles\121\1\.cp\lib\remoteAnt.jar;C:\java\jdk1.4.2_14\lib\tools.jar;C:\e\w\development\org.eclipse.swt.win32.win32.x86\org.eclipse.swt.win32.win32.x86_3.3.0.v3330.jar;C:\e\i\I20070313-1051\plugins\org.junit_3.8.2\junit.jar;C:\e\w\development\org.eclipse.jdt.ui.tests\testresources\JUnitWorkspace\JUnitTests\bin"></property>
    <property name="user.name" value="mkl"></property>
    <property name="ant.file.run AllTests" value="C:\e\w\development\org.eclipse.jdt.ui.tests\testresources\JUnitWorkspace\JUnitTests\ant\runAllTests.xml"></property>
    <property name="java.vm.specification.version" value="1.0"></property>
    <property name="java.home" value="C:\java\jdk1.4.2_14\jre"></property>
    <property name="sun.arch.data.model" value="32"></property>
    <property name="user.language" value="en"></property>
    <property name="java.specification.vendor" value="Sun Microsystems Inc."></property>
    <property name="awt.toolkit" value="sun.awt.windows.WToolkit"></property>
    <property name="java.vm.info" value="mixed mode"></property>
    <property name="java.version" value="1.4.2_14"></property>
    <property name="java.ext.dirs" value="C:\java\jdk1.4.2_14\jre\lib\ext"></property>
    <property name="sun.boot.class.path" value="C:\java\jdk1.4.2_14\jre\lib\rt.jar;C:\java\jdk1.4.2_14\jre\lib\i18n.jar;C:\java\jdk1.4.2_14\jre\lib\sunrsasign.jar;C:\java\jdk1.4.2_14\jre\lib\jsse.jar;C:\java\jdk1.4.2_14\jre\lib\jce.jar;C:\java\jdk1.4.2_14\jre\lib\charsets.jar;C:\java\jdk1.4.2_14\jre\classes"></property>
    <property name="java.vendor" value="Sun Microsystems Inc."></property>
    <property name="file.separator" value="\"></property>
    <property name="java.vendor.url.bug" value="http://java.sun.com/cgi-bin/bugreport.cgi"></property>
    <property name="report" value="report"></property>
    <property name="sun.cpu.endian" value="little"></property>
    <property name="sun.io.unicode.encoding" value="UnicodeLittle"></property>
    <property name="sun.cpu.isalist" value="pentium i486 i386"></property>
  </properties>
  <testcase name="testSucceed" classname="pack.ATestCase" time="0.0"></testcase>
  <testcase name="testSucceed2" classname="pack.ATestCase" time="0.0"></testcase>
  <system-out><![CDATA[]]></system-out>
  <system-err><![CDATA[]]></system-err>
</testsuite>
